Info: Starting: Create simulation model
Info: qsys-generate C:\Users\Schul\Entwicklung\QuartusProjekte\Abschlussprojekt\Arbeitsgrundlage\ba-abschlussarbeit-82fce4c4335d9903de9860b0ec53b58b20120cf0\Kamera_UART_transfer\pll.qsys --simulation=VHDL --allow-mixed-language-simulation --output-directory=C:\Users\Schul\Entwicklung\QuartusProjekte\Abschlussprojekt\Arbeitsgrundlage\ba-abschlussarbeit-82fce4c4335d9903de9860b0ec53b58b20120cf0\Kamera_UART_transfer\pll\simulation --family="Cyclone IV E" --part=EP4CE115F29C7
Progress: Loading Kamera_UART_transfer/pll.qsys
Progress: Reading input file
Progress: Adding altpll_0 [altpll 20.1]
Progress: Parameterizing module altpll_0
Progress: Adding altpll_1 [altpll 20.1]
Progress: Parameterizing module altpll_1
Progress: Adding altpll_2 [altpll 20.1]
Progress: Parameterizing module altpll_2
Progress: Adding clk_0 [clock_source 20.1]
Progress: Parameterizing module clk_0
Progress: Building connections
Progress: Parameterizing connections
Progress: Validating
Progress: Done reading input file
Warning: pll.altpll_0: altpll_0.areset_conduit must be exported, or connected to a matching conduit.
Warning: pll.altpll_0: altpll_0.locked_conduit must be exported, or connected to a matching conduit.
Warning: pll.altpll_1: altpll_1.areset_conduit must be exported, or connected to a matching conduit.
Warning: pll.altpll_1: altpll_1.locked_conduit must be exported, or connected to a matching conduit.
Warning: pll.altpll_2: altpll_2.areset_conduit must be exported, or connected to a matching conduit.
Warning: pll.altpll_2: altpll_2.locked_conduit must be exported, or connected to a matching conduit.
Warning: pll.altpll_0: altpll_0.pll_slave must be connected to an Avalon-MM master
Warning: pll.altpll_1: altpll_1.pll_slave must be connected to an Avalon-MM master
Warning: pll.altpll_2: altpll_2.pll_slave must be connected to an Avalon-MM master
Info: pll: Generating pll "pll" for SIM_VHDL
Info: altpll_0: Generating VHDL simulation model
Warning: Number of processors has not been specified which may cause overloading on shared machines.  Set the global assignment NUM_PARALLEL_PROCESSORS in your QSF to an appropriate value for best performance.
Warning: Verilog HDL or VHDL warning at pll_altpll_0.vhd(313): object "wire_w_address_range2w" assigned a value but never read File: C:/Users/Schul/AppData/Local/Temp/alt9737_3087611862743077987.dir/0004_sopcqmap/pll_altpll_0.vhd Line: 313
Info: altpll_0: Generated simulation model pll_altpll_0.vho
Info: altpll_0: "pll" instantiated altpll "altpll_0"
Info: altpll_1: Generating VHDL simulation model
Warning: Number of processors has not been specified which may cause overloading on shared machines.  Set the global assignment NUM_PARALLEL_PROCESSORS in your QSF to an appropriate value for best performance.
Warning: Verilog HDL or VHDL warning at pll_altpll_1.vhd(340): object "wire_w_address_range2w" assigned a value but never read File: C:/Users/Schul/AppData/Local/Temp/alt9737_3087611862743077987.dir/0008_sopcqmap/pll_altpll_1.vhd Line: 340
Info: altpll_1: Generated simulation model pll_altpll_1.vho
Info: altpll_1: "pll" instantiated altpll "altpll_1"
Info: altpll_2: Generating VHDL simulation model
Warning: Number of processors has not been specified which may cause overloading on shared machines.  Set the global assignment NUM_PARALLEL_PROCESSORS in your QSF to an appropriate value for best performance.
Warning: Verilog HDL or VHDL warning at pll_altpll_2.vhd(322): object "wire_w_address_range2w" assigned a value but never read File: C:/Users/Schul/AppData/Local/Temp/alt9737_3087611862743077987.dir/0012_sopcqmap/pll_altpll_2.vhd Line: 322
Info: altpll_2: Generated simulation model pll_altpll_2.vho
Info: altpll_2: "pll" instantiated altpll "altpll_2"
Info: rst_controller: "pll" instantiated altera_reset_controller "rst_controller"
Info: pll: Done "pll" with 5 modules, 7 files
Info: qsys-generate succeeded.
Info: Finished: Create simulation model
Info: Starting: Create Modelsim Project.
Info: sim-script-gen --spd=C:\Users\Schul\Entwicklung\QuartusProjekte\Abschlussprojekt\Arbeitsgrundlage\ba-abschlussarbeit-82fce4c4335d9903de9860b0ec53b58b20120cf0\Kamera_UART_transfer\pll\pll.spd --output-directory=C:/Users/Schul/Entwicklung/QuartusProjekte/Abschlussprojekt/Arbeitsgrundlage/ba-abschlussarbeit-82fce4c4335d9903de9860b0ec53b58b20120cf0/Kamera_UART_transfer/pll/simulation/ --use-relative-paths=true
Info: Doing: ip-make-simscript --spd=C:\Users\Schul\Entwicklung\QuartusProjekte\Abschlussprojekt\Arbeitsgrundlage\ba-abschlussarbeit-82fce4c4335d9903de9860b0ec53b58b20120cf0\Kamera_UART_transfer\pll\pll.spd --output-directory=C:/Users/Schul/Entwicklung/QuartusProjekte/Abschlussprojekt/Arbeitsgrundlage/ba-abschlussarbeit-82fce4c4335d9903de9860b0ec53b58b20120cf0/Kamera_UART_transfer/pll/simulation/ --use-relative-paths=true
Info: Generating the following file(s) for MODELSIM simulator in C:/Users/Schul/Entwicklung/QuartusProjekte/Abschlussprojekt/Arbeitsgrundlage/ba-abschlussarbeit-82fce4c4335d9903de9860b0ec53b58b20120cf0/Kamera_UART_transfer/pll/simulation/ directory:
Info: 	mentor/msim_setup.tcl
Info: Skipping VCS script generation since VHDL file $QUARTUS_INSTALL_DIR/eda/sim_lib/altera_syn_attributes.vhd is required for simulation
Info: Generating the following file(s) for VCSMX simulator in C:/Users/Schul/Entwicklung/QuartusProjekte/Abschlussprojekt/Arbeitsgrundlage/ba-abschlussarbeit-82fce4c4335d9903de9860b0ec53b58b20120cf0/Kamera_UART_transfer/pll/simulation/ directory:
Info: 	synopsys/vcsmx/synopsys_sim.setup
Info: 	synopsys/vcsmx/vcsmx_setup.sh
Info: Generating the following file(s) for NCSIM simulator in C:/Users/Schul/Entwicklung/QuartusProjekte/Abschlussprojekt/Arbeitsgrundlage/ba-abschlussarbeit-82fce4c4335d9903de9860b0ec53b58b20120cf0/Kamera_UART_transfer/pll/simulation/ directory:
Info: 	cadence/cds.lib
Info: 	cadence/hdl.var
Info: 	cadence/ncsim_setup.sh
Info: 	4 .cds.lib files in cadence/cds_libs/ directory
Info: Generating the following file(s) for RIVIERA simulator in C:/Users/Schul/Entwicklung/QuartusProjekte/Abschlussprojekt/Arbeitsgrundlage/ba-abschlussarbeit-82fce4c4335d9903de9860b0ec53b58b20120cf0/Kamera_UART_transfer/pll/simulation/ directory:
Info: 	aldec/rivierapro_setup.tcl
Info: For information on how to simulate your IP, see the explanatory comments in the simulator-specific subdirectories under C:/Users/Schul/Entwicklung/QuartusProjekte/Abschlussprojekt/Arbeitsgrundlage/ba-abschlussarbeit-82fce4c4335d9903de9860b0ec53b58b20120cf0/Kamera_UART_transfer/pll/simulation/.
Info: Regenerate these scripts whenever you make any change to any Quartus-generated IP in your project.
Info: Finished: Create Modelsim Project.
Info: Starting: Create block symbol file (.bsf)
Info: qsys-generate C:\Users\Schul\Entwicklung\QuartusProjekte\Abschlussprojekt\Arbeitsgrundlage\ba-abschlussarbeit-82fce4c4335d9903de9860b0ec53b58b20120cf0\Kamera_UART_transfer\pll.qsys --block-symbol-file --output-directory=C:\Users\Schul\Entwicklung\QuartusProjekte\Abschlussprojekt\Arbeitsgrundlage\ba-abschlussarbeit-82fce4c4335d9903de9860b0ec53b58b20120cf0\Kamera_UART_transfer\pll --family="Cyclone IV E" --part=EP4CE115F29C7
Progress: Loading Kamera_UART_transfer/pll.qsys
Progress: Reading input file
Progress: Adding altpll_0 [altpll 20.1]
Progress: Parameterizing module altpll_0
Progress: Adding altpll_1 [altpll 20.1]
Progress: Parameterizing module altpll_1
Progress: Adding altpll_2 [altpll 20.1]
Progress: Parameterizing module altpll_2
Progress: Adding clk_0 [clock_source 20.1]
Progress: Parameterizing module clk_0
Progress: Building connections
Progress: Parameterizing connections
Progress: Validating
Progress: Done reading input file
Warning: pll.altpll_0: altpll_0.areset_conduit must be exported, or connected to a matching conduit.
Warning: pll.altpll_0: altpll_0.locked_conduit must be exported, or connected to a matching conduit.
Warning: pll.altpll_1: altpll_1.areset_conduit must be exported, or connected to a matching conduit.
Warning: pll.altpll_1: altpll_1.locked_conduit must be exported, or connected to a matching conduit.
Warning: pll.altpll_2: altpll_2.areset_conduit must be exported, or connected to a matching conduit.
Warning: pll.altpll_2: altpll_2.locked_conduit must be exported, or connected to a matching conduit.
Warning: pll.altpll_0: altpll_0.pll_slave must be connected to an Avalon-MM master
Warning: pll.altpll_1: altpll_1.pll_slave must be connected to an Avalon-MM master
Warning: pll.altpll_2: altpll_2.pll_slave must be connected to an Avalon-MM master
Info: qsys-generate succeeded.
Info: Finished: Create block symbol file (.bsf)
Info: 
Info: Starting: Create HDL design files for synthesis
Info: qsys-generate C:\Users\Schul\Entwicklung\QuartusProjekte\Abschlussprojekt\Arbeitsgrundlage\ba-abschlussarbeit-82fce4c4335d9903de9860b0ec53b58b20120cf0\Kamera_UART_transfer\pll.qsys --synthesis=VHDL --output-directory=C:\Users\Schul\Entwicklung\QuartusProjekte\Abschlussprojekt\Arbeitsgrundlage\ba-abschlussarbeit-82fce4c4335d9903de9860b0ec53b58b20120cf0\Kamera_UART_transfer\pll\synthesis --family="Cyclone IV E" --part=EP4CE115F29C7
Progress: Loading Kamera_UART_transfer/pll.qsys
Progress: Reading input file
Progress: Adding altpll_0 [altpll 20.1]
Progress: Parameterizing module altpll_0
Progress: Adding altpll_1 [altpll 20.1]
Progress: Parameterizing module altpll_1
Progress: Adding altpll_2 [altpll 20.1]
Progress: Parameterizing module altpll_2
Progress: Adding clk_0 [clock_source 20.1]
Progress: Parameterizing module clk_0
Progress: Building connections
Progress: Parameterizing connections
Progress: Validating
Progress: Done reading input file
Warning: pll.altpll_0: altpll_0.areset_conduit must be exported, or connected to a matching conduit.
Warning: pll.altpll_0: altpll_0.locked_conduit must be exported, or connected to a matching conduit.
Warning: pll.altpll_1: altpll_1.areset_conduit must be exported, or connected to a matching conduit.
Warning: pll.altpll_1: altpll_1.locked_conduit must be exported, or connected to a matching conduit.
Warning: pll.altpll_2: altpll_2.areset_conduit must be exported, or connected to a matching conduit.
Warning: pll.altpll_2: altpll_2.locked_conduit must be exported, or connected to a matching conduit.
Warning: pll.altpll_0: altpll_0.pll_slave must be connected to an Avalon-MM master
Warning: pll.altpll_1: altpll_1.pll_slave must be connected to an Avalon-MM master
Warning: pll.altpll_2: altpll_2.pll_slave must be connected to an Avalon-MM master
Info: pll: Generating pll "pll" for QUARTUS_SYNTH
Info: altpll_0: "pll" instantiated altpll "altpll_0"
Info: altpll_1: "pll" instantiated altpll "altpll_1"
Info: altpll_2: "pll" instantiated altpll "altpll_2"
Info: rst_controller: "pll" instantiated altera_reset_controller "rst_controller"
Info: pll: Done "pll" with 5 modules, 7 files
Info: qsys-generate succeeded.
Info: Finished: Create HDL design files for synthesis
